  lab2.cpp
C:\Users\Adem\Desktop\Лабораторные КТПВП 3 сем\лаба2\lab2\lab2\lab2.cpp(19,19): warning C4244: аргумент: преобразование "time_t" в "unsigned int", возможна потеря данных
C:\Users\Adem\Desktop\Лабораторные КТПВП 3 сем\лаба2\lab2\lab2\lab2.cpp(20,26): warning C4018: <: несоответствие типов со знаком и без знака
C:\Users\Adem\Desktop\Лабораторные КТПВП 3 сем\лаба2\lab2\lab2\lab2.cpp(22,1): warning C4267: =: преобразование из "size_t" в "char"; возможна потеря данных
C:\Users\Adem\Desktop\Лабораторные КТПВП 3 сем\лаба2\lab2\lab2\lab2.cpp(23,1): warning C4244: *=: преобразование "double" в "char", возможна потеря данных
C:\Users\Adem\Desktop\Лабораторные КТПВП 3 сем\лаба2\lab2\lab2\lab2.cpp(29,26): warning C4018: <: несоответствие типов со знаком и без знака
C:\Users\Adem\Desktop\Лабораторные КТПВП 3 сем\лаба2\lab2\lab2\lab2.cpp(43,22): warning C4018: <: несоответствие типов со знаком и без знака
C:\Users\Adem\Desktop\Лабораторные КТПВП 3 сем\лаба2\lab2\lab2\lab2.cpp(62,22): warning C4018: <: несоответствие типов со знаком и без знака
C:\Users\Adem\Desktop\Лабораторные КТПВП 3 сем\лаба2\lab2\lab2\lab2.cpp(99,26): warning C4018: <: несоответствие типов со знаком и без знака
C:\Users\Adem\Desktop\Лабораторные КТПВП 3 сем\лаба2\lab2\lab2\lab2.cpp(163,19): warning C4244: аргумент: преобразование "time_t" в "unsigned int", возможна потеря данных
C:\Users\Adem\Desktop\Лабораторные КТПВП 3 сем\лаба2\lab2\lab2\lab2.cpp(164,26): warning C4018: <: несоответствие типов со знаком и без знака
C:\Users\Adem\Desktop\Лабораторные КТПВП 3 сем\лаба2\lab2\lab2\lab2.cpp(167,1): warning C4244: *=: преобразование "double" в "int", возможна потеря данных
C:\Users\Adem\Desktop\Лабораторные КТПВП 3 сем\лаба2\lab2\lab2\lab2.cpp(178,26): warning C4018: <: несоответствие типов со знаком и без знака
C:\Users\Adem\Desktop\Лабораторные КТПВП 3 сем\лаба2\lab2\lab2\lab2.cpp(203,26): warning C4018: <: несоответствие типов со знаком и без знака
C:\Users\Adem\Desktop\Лабораторные КТПВП 3 сем\лаба2\lab2\lab2\lab2.cpp(224,26): warning C4018: <: несоответствие типов со знаком и без знака
C:\Users\Adem\Desktop\Лабораторные КТПВП 3 сем\лаба2\lab2\lab2\lab2.cpp(227,23): warning C4244: аргумент: преобразование "time_t" в "unsigned int", возможна потеря данных
C:\Users\Adem\Desktop\Лабораторные КТПВП 3 сем\лаба2\lab2\lab2\lab2.cpp(239,26): warning C4018: <: несоответствие типов со знаком и без знака
  Создание кода
  13 of 33 functions (39.4%) were compiled, the rest were copied from previous compilation.
    5 functions were new in current compilation
    3 functions had inline decision re-evaluated but remain unchanged
  Создание кода завершено
  lab2.vcxproj -> C:\Users\Adem\Desktop\Лабораторные КТПВП 3 сем\лаба2\lab2\Release\lab2.exe
